<?xml version="1.0" encoding="UTF-8"?>
<!-- Generated by org.testng.reporters.JUnitReportReporter -->
<testsuite hostname="HOME" failures="0" tests="6" name="api.tests.UserDDTest" time="13.842" errors="0" timestamp="2023-12-31T19:14:56 IST" skipped="0">
  <testcase classname="api.tests.UserDDTest" name="postReq" time="1.497"/>
  <system-out/>
  <testcase classname="api.tests.UserDDTest" name="postReq" time="1.451"/>
  <system-out/>
  <testcase classname="api.tests.UserDDTest" name="postReq" time="6.469"/>
  <system-out/>
  <testcase classname="api.tests.UserDDTest" name="deleteReq" time="1.250"/>
  <system-out/>
  <testcase classname="api.tests.UserDDTest" name="deleteReq" time="1.527"/>
  <system-out/>
  <testcase classname="api.tests.UserDDTest" name="deleteReq" time="1.648"/>
  <system-out/>
</testsuite> <!-- api.tests.UserDDTest -->
