<?xml version="1.0" encoding="UTF-8"?>
<!-- Generated by org.testng.reporters.JUnitReportReporter -->
<testsuite hostname="HOME" failures="0" tests="4" name="api.tests.UserTest" time="10.649" errors="0" timestamp="2024-01-01T13:45:54 IST" skipped="0">
  <testcase classname="api.tests.UserTest" name="addUserTest" time="5.599"/>
  <system-out/>
  <testcase classname="api.tests.UserTest" name="getUserTest" time="1.675"/>
  <system-out/>
  <testcase classname="api.tests.UserTest" name="updateUserTest" time="1.692"/>
  <system-out/>
  <testcase classname="api.tests.UserTest" name="deleteUserTest" time="1.683"/>
  <system-out/>
</testsuite> <!-- api.tests.UserTest -->
